#
# A fatal error has been detected by the Java Runtime Environment:
#
#  EXCEPTION_ACCESS_VIOLATION (0xc0000005) at pc=0x000001d707e1ac96, pid=6108, tid=12820
#
# JRE version: Java(TM) SE Runtime Environment (11.0.2+9) (build 11.0.2+9-LTS)
# Java VM: Java HotSpot(TM) 64-Bit Server VM (11.0.2+9-LTS, mixed mode, tiered, compressed oops, g1 gc, windows-amd64)
# Problematic frame:
# J 6887 c2 com.worksap.nlp.sudachi.dictionary.DoubleArrayLexicon$Itr.hasNext()Z sudachi@0.4.2 (47 bytes) @ 0x000001d707e1ac96 [0x000001d707e1ab60+0x0000000000000136]
#
# No core dump will be written. Minidumps are not enabled by default on client versions of Windows
#
# If you would like to submit a bug report, please visit:
#   http://bugreport.java.com/bugreport/crash.jsp
#

---------------  S U M M A R Y ------------

Command Line: --add-exports=javafx.controls/com.sun.javafx.scene.control.behavior=com.jfoenix --add-exports=javafx.controls/com.sun.javafx.scene.control=com.jfoenix --add-exports=javafx.base/com.sun.javafx.binding=com.jfoenix --add-exports=javafx.graphics/com.sun.javafx.stage=com.jfoenix --add-exports=javafx.base/com.sun.javafx.event=com.jfoenix --add-opens=java.base/java.lang.reflect=com.jfoenix -Dfile.encoding=UTF-8 --module-path=D:\ProjetoApp\ProcessaTextoJapones\TextosJapones\target\classes;D:\ProjetoApp\ProcessaTextoJapones\TextosJapones\src\lib\kuromoji-core-0.9.0.jar;D:\ProjetoApp\ProcessaTextoJapones\TextosJapones\src\lib\kuromoji-ipadic-0.9.0.jar;C:\Users\Jhonny\.m2\repository\io\github\typhon0\AnimateFX\1.2.1\AnimateFX-1.2.1.jar;C:\Users\Jhonny\.m2\repository\com\jfoenix\jfoenix\9.0.10\jfoenix-9.0.10.jar;C:\Users\Jhonny\.m2\repository\org\openjfx\javafx-graphics\15\javafx-graphics-15-win.jar;C:\Users\Jhonny\.m2\repository\org\openjfx\javafx-base\15\javafx-base-15-win.jar;C:\Users\Jhonny\.m2\repository\org\openjfx\javafx-controls\15\javafx-controls-15-win.jar;C:\Users\Jhonny\.m2\repository\org\openjfx\javafx-fxml\15\javafx-fxml-15-win.jar;C:\Users\Jhonny\.m2\repository\org\controlsfx\controlsfx\11.0.1\controlsfx-11.0.1.jar;C:\Users\Jhonny\.m2\repository\org\openjfx\javafx-web\11.0.2\javafx-web-11.0.2-win.jar;C:\Users\Jhonny\.m2\repository\org\openjfx\javafx-swing\11.0.2\javafx-swing-11.0.2-win.jar;C:\Users\Jhonny\.m2\repository\org\openjfx\javafx-media\11.0.2\javafx-media-11.0.2-win.jar;C:\Users\Jhonny\.m2\repository\com\worksap\nlp\sudachi\0.4.2\sudachi-0.4.2.jar;C:\Users\Jhonny\.m2\repository\org\jsoup\jsoup\1.13.1\jsoup-1.13.1.jar;C:\Users\Jhonny\.m2\repository\com\google\guava\guava\29.0-jre\guava-29.0-jre.jar -Djdk.module.main=TextosJapones TextosJapones/org.jisho.textosJapones.App

Host: Intel(R) Core(TM) i7-5500U CPU @ 2.40GHz, 4 cores, 7G,  Windows 10 , 64 bit Build 19041 (10.0.19041.662)
Time: Sat Jan 30 00:12:58 2021 E. South America Standard Time elapsed time: 240 seconds (0d 0h 4m 0s)

---------------  T H R E A D  ---------------

Current thread (0x000001d714bc7000):  JavaThread "Thread-4" [_thread_in_Java, id=12820, stack(0x00000088b8900000,0x00000088b8a00000)]

Stack: [0x00000088b8900000,0x00000088b8a00000],  sp=0x00000088b89fea00,  free space=1018k
Native frames: (J=compiled Java code, j=interpreted, Vv=VM code, C=native code)
C  0x000001d707e1ac96


siginfo: EXCEPTION_ACCESS_VIOLATION (0xc0000005), reading address 0x000001d74745d274


Register to memory mapping:

RIP=0x000001d707e1ac96 is at entry_point+310 in (nmethod*)0x000001d707e1a990
RAX=0x00000000000000a5 is an unknown value
RBX=0x0000000000d0451a is an unknown value
RCX=
[error occurred during error reporting (printing register info), id 0xc0000005, EXCEPTION_ACCESS_VIOLATION (0xc0000005) at pc=0x00007fffd2552eb6]

Registers:
RAX=0x00000000000000a5, RBX=0x0000000000d0451a, RCX=0x00000000ffffffa5, RDX=0x000001d74404be0c
RSP=0x00000088b89fea00, RBP=0x0000000000d045bf, RSI=0x0000000000000034, RDI=0x0000000000000068
R8 =0x0000000004461fe7, R9 =0x0000000086616178, R10=0x000001d74745d274, R11=0x0000000086304718
R12=0x0000000000000000, R13=0x000000008630a638, R14=0x0000000000000000, R15=0x000001d714bc7000
RIP=0x000001d707e1ac96, EFLAGS=0x0000000000010216

Top of Stack: (sp=0x00000088b89fea00)
0x00000088b89fea00:   000000008630a670 000000008630a658
0x00000088b89fea10:   000000008648c8d8 000000320000002f
0x00000088b89fea20:   7fffffff00000034 000000008630a638
0x00000088b89fea30:   0000000081e7ed78 0000000100000000
0x00000088b89fea40:   000001d77cab3000 0000000000000032
0x00000088b89fea50:   0000000086616160 000001d707e055d0
0x00000088b89fea60:   000001d70007a490 00000001000139e8
0x00000088b89fea70:   00000000863074e8 0000000000000068
0x00000088b89fea80:   00000088b89fec50 000001d70136e87c
0x00000088b89fea90:   00000088b89feb00 000001d700009e03
0x00000088b89feaa0:   000001d700000027 000001d700009e03
0x00000088b89feab0:   0000000086305ad8 00000088b89feab8
0x00000088b89feac0:   000001d73ea6fa39 00000088b89feb60
0x00000088b89fead0:   000001d73ea80e78 0000000000000000
0x00000088b89feae0:   000000008b2647c8 000001d73ea6fb08
0x00000088b89feaf0:   0000000000000000 00000088b89feb10 

Instructions: (pc=0x000001d707e1ac96)
0x000001d707e1ac76:   28 41 89 5a 10 85 db 0f 8c b7 05 00 00 41 3b d8
0x000001d707e1ac86:   0f 8d ce 05 00 00 4c 63 d3 49 c1 e2 02 4c 03 d2
0x000001d707e1ac96:   41 8b 2a 44 8b d5 41 81 e2 ff 00 00 80 44 3b d0
0x000001d707e1aca6:   0f 85 cd 00 00 00 8b c5 c1 e8 08 ff c6 89 74 24 


Stack slot to memory mapping:
stack at sp + 0 slots: 0x000000008630a670 is an oop: com.worksap.nlp.sudachi.dictionary.DoubleArrayLexicon$Itr 
{0x000000008630a670} - klass: 'com/worksap/nlp/sudachi/dictionary/DoubleArrayLexicon$Itr'
stack at sp + 1 slots: 0x000000008630a658 is an oop: [I 
{0x000000008630a658} - klass: {type array int}
 - length: 2
stack at sp + 2 slots: 0x000000008648c8d8 is an oop: com.worksap.nlp.sudachi.LatticeImpl 
{0x000000008648c8d8} - klass: 'com/worksap/nlp/sudachi/LatticeImpl'
stack at sp + 3 slots: 0x000000320000002f is an unknown value
stack at sp + 4 slots: 0x7fffffff00000034 is an unknown value
stack at sp + 5 slots: 0x000000008630a638 is an oop: com.worksap.nlp.dartsclone.DoubleArray$Itr 
{0x000000008630a638} - klass: 'com/worksap/nlp/dartsclone/DoubleArray$Itr'
stack at sp + 6 slots: 0x0000000081e7ed78 is an oop: [Ljava.lang.Object; 
{0x0000000081e7ed78} - klass: 'java/lang/Object'[]
 - length: 0
stack at sp + 7 slots: 0x0000000100000000 is pointing into metadata



---------------  P R O C E S S  ---------------

Threads class SMR info:
_java_thread_list=0x000001d714f87b10, length=20, elements={
0x000001d77478a800, 0x000001d77fb45000, 0x000001d77fb4e000, 0x000001d7137e3000,
0x000001d77fb6a000, 0x000001d77fb73000, 0x000001d77fb7a000, 0x000001d713804000,
0x000001d71396d000, 0x000001d713c08800, 0x000001d713acb000, 0x000001d713e9c800,
0x000001d714975000, 0x000001d7142d9000, 0x000001d714259800, 0x000001d714b6e000,
0x000001d715418000, 0x000001d71bfce000, 0x000001d714bc7000, 0x000001d714bc8800
}

Java Threads: ( => current thread )
  0x000001d77478a800 JavaThread "main" [_thread_blocked, id=1552, stack(0x00000088b8b00000,0x00000088b8c00000)]
  0x000001d77fb45000 JavaThread "Reference Handler" daemon [_thread_blocked, id=1612, stack(0x00000088b9200000,0x00000088b9300000)]
  0x000001d77fb4e000 JavaThread "Finalizer" daemon [_thread_blocked, id=3556, stack(0x00000088b9300000,0x00000088b9400000)]
  0x000001d7137e3000 JavaThread "Signal Dispatcher" daemon [_thread_blocked, id=8744, stack(0x00000088b9400000,0x00000088b9500000)]
  0x000001d77fb6a000 JavaThread "Attach Listener" daemon [_thread_blocked, id=8376, stack(0x00000088b9500000,0x00000088b9600000)]
  0x000001d77fb73000 JavaThread "C2 CompilerThread0" daemon [_thread_blocked, id=6680, stack(0x00000088b9600000,0x00000088b9700000)]
  0x000001d77fb7a000 JavaThread "C1 CompilerThread0" daemon [_thread_blocked, id=13136, stack(0x00000088b9700000,0x00000088b9800000)]
  0x000001d713804000 JavaThread "Sweeper thread" daemon [_thread_blocked, id=3288, stack(0x00000088b9800000,0x00000088b9900000)]
  0x000001d71396d000 JavaThread "Common-Cleaner" daemon [_thread_blocked, id=12116, stack(0x00000088b9900000,0x00000088b9a00000)]
  0x000001d713c08800 JavaThread "Service Thread" daemon [_thread_blocked, id=3768, stack(0x00000088b9b00000,0x00000088b9c00000)]
  0x000001d713acb000 JavaThread "JavaFX-Launcher" [_thread_blocked, id=424, stack(0x00000088b9d00000,0x00000088b9e00000)]
  0x000001d713e9c800 JavaThread "QuantumRenderer-0" daemon [_thread_blocked, id=11716, stack(0x00000088ba100000,0x00000088ba200000)]
  0x000001d714975000 JavaThread "InvokeLaterDispatcher" daemon [_thread_blocked, id=4348, stack(0x00000088ba200000,0x00000088ba300000)]
  0x000001d7142d9000 JavaThread "JavaFX Application Thread" [_thread_blocked, id=3264, stack(0x00000088ba300000,0x00000088ba400000)]
  0x000001d714259800 JavaThread "Thread-2" daemon [_thread_blocked, id=2216, stack(0x00000088ba700000,0x00000088ba800000)]
  0x000001d714b6e000 JavaThread "Prism Font Disposer" daemon [_thread_blocked, id=12124, stack(0x00000088bac00000,0x00000088bad00000)]
  0x000001d715418000 JavaThread "mysql-cj-abandoned-connection-cleanup" daemon [_thread_blocked, id=11360, stack(0x00000088bad00000,0x00000088bae00000)]
  0x000001d71bfce000 JavaThread "Cleaner-0" daemon [_thread_blocked, id=6856, stack(0x00000088bae00000,0x00000088baf00000)]
=>0x000001d714bc7000 JavaThread "Thread-4" [_thread_in_Java, id=12820, stack(0x00000088b8900000,0x00000088b8a00000)]
  0x000001d714bc8800 JavaThread "Thread-5" [_thread_blocked, id=6620, stack(0x00000088b8800000,0x00000088b8900000)]

Other Threads:
  0x000001d77fb1e800 VMThread "VM Thread" [stack: 0x00000088b9100000,0x00000088b9200000] [id=12752] _threads_hazard_ptr=0x000001d714f87b10
  0x000001d713b04000 WatcherThread [stack: 0x00000088b9c00000,0x00000088b9d00000] [id=2080]
  0x000001d7747a3800 GCTaskThread "GC Thread#0" [stack: 0x00000088b8c00000,0x00000088b8d00000] [id=4816]
  0x000001d71407f000 GCTaskThread "GC Thread#1" [stack: 0x00000088b9e00000,0x00000088b9f00000] [id=8884]
  0x000001d713ccc000 GCTaskThread "GC Thread#2" [stack: 0x00000088b9f00000,0x00000088ba000000] [id=5316]
  0x000001d713dc7800 GCTaskThread "GC Thread#3" [stack: 0x00000088ba000000,0x00000088ba100000] [id=2712]
  0x000001d7747d2000 ConcurrentGCThread "G1 Main Marker" [stack: 0x00000088b8d00000,0x00000088b8e00000] [id=1512]
  0x000001d7747d3800 ConcurrentGCThread "G1 Conc#0" [stack: 0x00000088b8e00000,0x00000088b8f00000] [id=2208]
  0x000001d774865000 ConcurrentGCThread "G1 Refine#0" [stack: 0x00000088b8f00000,0x00000088b9000000] [id=7184]
  0x000001d774866800 ConcurrentGCThread "G1 Young RemSet Sampling" [stack: 0x00000088b9000000,0x00000088b9100000] [id=10024]

Threads with active compile tasks:

VM state:synchronizing (normal execution)

VM Mutex/Monitor currently owned by a thread:  ([mutex/lock_event])
[0x000001d774788f90] Safepoint_lock - owner thread: 0x000001d77fb1e800
[0x000001d774788330] Threads_lock - owner thread: 0x000001d77fb1e800

Heap address: 0x0000000081a00000, size: 2022 MB, Compressed Oops mode: 32-bit
Narrow klass base: 0x0000000000000000, Narrow klass shift: 3
Compressed class space size: 1073741824 Address: 0x0000000100000000

Heap:
 garbage-first heap   total 157696K, used 107772K [0x0000000081a00000, 0x0000000100000000)
  region size 1024K, 81 young (82944K), 7 survivors (7168K)
 Metaspace       used 39843K, capacity 41419K, committed 41520K, reserved 1085440K
  class space    used 5012K, capacity 5678K, committed 5760K, reserved 1048576K
Heap Regions: E=young(eden), S=young(survivor), O=old, HS=humongous(starts), HC=humongous(continues), CS=collection set, F=free, A=archive, TAMS=top-at-mark-start (previous, next)
|   0|0x0000000081a00000, 0x0000000081b00000, 0x0000000081b00000|100%|HS|  |TAMS 0x0000000081b00000, 0x0000000081a00000| Complete 
|   1|0x0000000081b00000, 0x0000000081c00000, 0x0000000081c00000|100%|HC|  |TAMS 0x0000000081c00000, 0x0000000081b00000| Complete 
|   2|0x0000000081c00000, 0x0000000081d00000, 0x0000000081d00000|100%| O|  |TAMS 0x0000000081d00000, 0x0000000081c00000| Untracked 
|   3|0x0000000081d00000, 0x0000000081e00000, 0x0000000081e00000|100%| O|  |TAMS 0x0000000081e00000, 0x0000000081d00000| Untracked 
|   4|0x0000000081e00000, 0x0000000081f00000, 0x0000000081f00000|100%| O|  |TAMS 0x0000000081f00000, 0x0000000081e00000| Untracked 
|   5|0x0000000081f00000, 0x0000000082000000, 0x0000000082000000|100%| O|  |TAMS 0x0000000082000000, 0x0000000081f00000| Untracked 
|   6|0x0000000082000000, 0x0000000082100000, 0x0000000082100000|100%| O|  |TAMS 0x0000000082100000, 0x0000000082000000| Untracked 
|   7|0x0000000082100000, 0x0000000082200000, 0x0000000082200000|100%| O|  |TAMS 0x0000000082200000, 0x0000000082100000| Untracked 
|   8|0x0000000082200000, 0x0000000082300000, 0x0000000082300000|100%| O|  |TAMS 0x0000000082300000, 0x0000000082200000| Untracked 
|   9|0x0000000082300000, 0x0000000082400000, 0x0000000082400000|100%| O|  |TAMS 0x0000000082400000, 0x0000000082300000| Untracked 
|  10|0x0000000082400000, 0x0000000082500000, 0x0000000082500000|100%| O|  |TAMS 0x0000000082500000, 0x0000000082400000| Untracked 
|  11|0x0000000082500000, 0x0000000082600000, 0x0000000082600000|100%| O|  |TAMS 0x0000000082600000, 0x0000000082500000| Untracked 
|  12|0x0000000082600000, 0x0000000082700000, 0x0000000082700000|100%| O|  |TAMS 0x0000000082700000, 0x0000000082600000| Untracked 
|  13|0x0000000082700000, 0x0000000082800000, 0x0000000082800000|100%| O|  |TAMS 0x0000000082800000, 0x0000000082700000| Untracked 
|  14|0x0000000082800000, 0x0000000082900000, 0x0000000082900000|100%| O|  |TAMS 0x0000000082900000, 0x0000000082800000| Untracked 
|  15|0x0000000082900000, 0x0000000082a00000, 0x0000000082a00000|100%| O|  |TAMS 0x0000000082a00000, 0x0000000082900000| Untracked 
|  16|0x0000000082a00000, 0x0000000082b00000, 0x0000000082b00000|100%| O|  |TAMS 0x0000000082ad1600, 0x0000000082a00000| Untracked 
|  17|0x0000000082b00000, 0x0000000082c00000, 0x0000000082c00000|100%| O|  |TAMS 0x0000000082b00000, 0x0000000082b00000| Untracked 
|  18|0x0000000082c00000, 0x0000000082d00000, 0x0000000082d00000|100%| O|  |TAMS 0x0000000082c00000, 0x0000000082c00000| Untracked 
|  19|0x0000000082d00000, 0x0000000082e00000, 0x0000000082e00000|100%| O|  |TAMS 0x0000000082d00000, 0x0000000082d00000| Untracked 
|  20|0x0000000082e00000, 0x0000000082f00000, 0x0000000082f00000|100%| O|  |TAMS 0x0000000082e00000, 0x0000000082e00000| Untracked 
|  21|0x0000000082f00000, 0x0000000083000000, 0x0000000083000000|100%| O|  |TAMS 0x0000000082f00000, 0x0000000082f00000| Untracked 
|  22|0x0000000083000000, 0x0000000083100000, 0x0000000083100000|100%| O|  |TAMS 0x0000000083000000, 0x0000000083000000| Untracked 
|  23|0x0000000083100000, 0x0000000083200000, 0x0000000083200000|100%| O|  |TAMS 0x0000000083100000, 0x0000000083100000| Untracked 
|  24|0x0000000083200000, 0x0000000083300000, 0x0000000083300000|100%| O|  |TAMS 0x0000000083200000, 0x0000000083200000| Untracked 
|  25|0x0000000083300000, 0x00000000833cdc00, 0x0000000083400000| 80%| O|  |TAMS 0x0000000083300000, 0x0000000083300000| Untracked 
|  26|0x0000000083400000, 0x0000000083400000, 0x0000000083500000|  0%| F|  |TAMS 0x0000000083400000, 0x0000000083400000| Untracked 
|  27|0x0000000083500000, 0x0000000083500000, 0x0000000083600000|  0%| F|  |TAMS 0x0000000083500000, 0x0000000083500000| Untracked 
|  28|0x0000000083600000, 0x0000000083600000, 0x0000000083700000|  0%| F|  |TAMS 0x0000000083600000, 0x0000000083600000| Untracked 
|  29|0x0000000083700000, 0x0000000083700000, 0x0000000083800000|  0%| F|  |TAMS 0x0000000083700000, 0x0000000083700000| Untracked 
|  30|0x0000000083800000, 0x0000000083800000, 0x0000000083900000|  0%| F|  |TAMS 0x0000000083800000, 0x0000000083800000| Untracked 
|  31|0x0000000083900000, 0x0000000083900000, 0x0000000083a00000|  0%| F|  |TAMS 0x0000000083900000, 0x0000000083900000| Untracked 
|  32|0x0000000083a00000, 0x0000000083a00000, 0x0000000083b00000|  0%| F|  |TAMS 0x0000000083a00000, 0x0000000083a00000| Untracked 
|  33|0x0000000083b00000, 0x0000000083b00000, 0x0000000083c00000|  0%| F|  |TAMS 0x0000000083b00000, 0x0000000083b00000| Untracked 
|  34|0x0000000083c00000, 0x0000000083c00000, 0x0000000083d00000|  0%| F|  |TAMS 0x0000000083c00000, 0x0000000083c00000| Untracked 
|  35|0x0000000083d00000, 0x0000000083d00000, 0x0000000083e00000|  0%| F|  |TAMS 0x0000000083d00000, 0x0000000083d00000| Untracked 
|  36|0x0000000083e00000, 0x0000000083e00000, 0x0000000083f00000|  0%| F|  |TAMS 0x0000000083e00000, 0x0000000083e00000| Untracked 
|  37|0x0000000083f00000, 0x0000000083f00000, 0x0000000084000000|  0%| F|  |TAMS 0x0000000083f00000, 0x0000000083f00000| Untracked 
|  38|0x0000000084000000, 0x0000000084000000, 0x0000000084100000|  0%| F|  |TAMS 0x0000000084000000, 0x0000000084000000| Untracked 
|  39|0x0000000084100000, 0x0000000084100000, 0x0000000084200000|  0%| F|  |TAMS 0x0000000084100000, 0x0000000084100000| Untracked 
|  40|0x0000000084200000, 0x0000000084200000, 0x0000000084300000|  0%| F|  |TAMS 0x0000000084200000, 0x0000000084200000| Untracked 
|  41|0x0000000084300000, 0x0000000084300000, 0x0000000084400000|  0%| F|  |TAMS 0x0000000084300000, 0x0000000084300000| Untracked 
|  42|0x0000000084400000, 0x0000000084400000, 0x0000000084500000|  0%| F|  |TAMS 0x0000000084400000, 0x0000000084400000| Untracked 
|  43|0x0000000084500000, 0x0000000084500000, 0x0000000084600000|  0%| F|  |TAMS 0x0000000084500000, 0x0000000084500000| Untracked 
|  44|0x0000000084600000, 0x0000000084600000, 0x0000000084700000|  0%| F|  |TAMS 0x0000000084600000, 0x0000000084600000| Untracked 
|  45|0x0000000084700000, 0x0000000084700000, 0x0000000084800000|  0%| F|  |TAMS 0x0000000084700000, 0x0000000084700000| Untracked 
|  46|0x0000000084800000, 0x0000000084800000, 0x0000000084900000|  0%| F|  |TAMS 0x0000000084800000, 0x0000000084800000| Untracked 
|  47|0x0000000084900000, 0x0000000084900000, 0x0000000084a00000|  0%| F|  |TAMS 0x0000000084900000, 0x0000000084900000| Untracked 
|  48|0x0000000084a00000, 0x0000000084a00000, 0x0000000084b00000|  0%| F|  |TAMS 0x0000000084a00000, 0x0000000084a00000| Untracked 
|  49|0x0000000084b00000, 0x0000000084b00000, 0x0000000084c00000|  0%| F|  |TAMS 0x0000000084b00000, 0x0000000084b00000| Untracked 
|  50|0x0000000084c00000, 0x0000000084c00000, 0x0000000084d00000|  0%| F|  |TAMS 0x0000000084c00000, 0x0000000084c00000| Untracked 
|  51|0x0000000084d00000, 0x0000000084d00000, 0x0000000084e00000|  0%| F|  |TAMS 0x0000000084d00000, 0x0000000084d00000| Untracked 
|  52|0x0000000084e00000, 0x0000000084e00000, 0x0000000084f00000|  0%| F|  |TAMS 0x0000000084e00000, 0x0000000084e00000| Untracked 
|  53|0x0000000084f00000, 0x0000000084f00000, 0x0000000085000000|  0%| F|  |TAMS 0x0000000084f00000, 0x0000000084f00000| Untracked 
|  54|0x0000000085000000, 0x0000000085000000, 0x0000000085100000|  0%| F|  |TAMS 0x0000000085000000, 0x0000000085000000| Untracked 
|  55|0x0000000085100000, 0x0000000085100000, 0x0000000085200000|  0%| F|  |TAMS 0x0000000085100000, 0x0000000085100000| Untracked 
|  56|0x0000000085200000, 0x0000000085200000, 0x0000000085300000|  0%| F|  |TAMS 0x0000000085200000, 0x0000000085200000| Untracked 
|  57|0x0000000085300000, 0x0000000085300000, 0x0000000085400000|  0%| F|  |TAMS 0x0000000085300000, 0x0000000085300000| Untracked 
|  58|0x0000000085400000, 0x0000000085400000, 0x0000000085500000|  0%| F|  |TAMS 0x0000000085400000, 0x0000000085400000| Untracked 
|  59|0x0000000085500000, 0x0000000085500000, 0x0000000085600000|  0%| F|  |TAMS 0x0000000085500000, 0x0000000085500000| Untracked 
|  60|0x0000000085600000, 0x0000000085600000, 0x0000000085700000|  0%| F|  |TAMS 0x0000000085600000, 0x0000000085600000| Untracked 
|  61|0x0000000085700000, 0x0000000085700000, 0x0000000085800000|  0%| F|  |TAMS 0x0000000085700000, 0x0000000085700000| Untracked 
|  62|0x0000000085800000, 0x0000000085800000, 0x0000000085900000|  0%| F|  |TAMS 0x0000000085800000, 0x0000000085800000| Untracked 
|  63|0x0000000085900000, 0x0000000085900000, 0x0000000085a00000|  0%| F|  |TAMS 0x0000000085900000, 0x0000000085900000| Untracked 
|  64|0x0000000085a00000, 0x0000000085a00000, 0x0000000085b00000|  0%| F|  |TAMS 0x0000000085a00000, 0x0000000085a00000| Untracked 
|  65|0x0000000085b00000, 0x0000000085b00000, 0x0000000085c00000|  0%| F|  |TAMS 0x0000000085b00000, 0x0000000085b00000| Untracked 
|  66|0x0000000085c00000, 0x0000000085c00000, 0x0000000085d00000|  0%| F|  |TAMS 0x0000000085c00000, 0x0000000085c00000| Untracked 
|  67|0x0000000085d00000, 0x0000000085d00000, 0x0000000085e00000|  0%| F|  |TAMS 0x0000000085d00000, 0x0000000085d00000| Untracked 
|  68|0x0000000085e00000, 0x0000000085e00000, 0x0000000085f00000|  0%| F|  |TAMS 0x0000000085e00000, 0x0000000085e00000| Untracked 
|  69|0x0000000085f00000, 0x0000000085f00000, 0x0000000086000000|  0%| F|  |TAMS 0x0000000085f00000, 0x0000000085f00000| Untracked 
|  70|0x0000000086000000, 0x0000000086000000, 0x0000000086100000|  0%| F|  |TAMS 0x0000000086000000, 0x0000000086000000| Untracked 
|  71|0x0000000086100000, 0x0000000086100000, 0x0000000086200000|  0%| F|  |TAMS 0x0000000086100000, 0x0000000086100000| Untracked 
|  72|0x0000000086200000, 0x0000000086200000, 0x0000000086300000|  0%| F|  |TAMS 0x0000000086200000, 0x0000000086200000| Untracked 
|  73|0x0000000086300000, 0x000000008632e8a8, 0x0000000086400000| 18%| E|  |TAMS 0x0000000086300000, 0x0000000086300000| Complete 
|  74|0x0000000086400000, 0x0000000086500000, 0x0000000086500000|100%| E|CS|TAMS 0x0000000086400000, 0x0000000086400000| Complete 
|  75|0x0000000086500000, 0x0000000086600000, 0x0000000086600000|100%| E|CS|TAMS 0x0000000086500000, 0x0000000086500000| Complete 
|  76|0x0000000086600000, 0x0000000086700000, 0x0000000086700000|100%| E|CS|TAMS 0x0000000086600000, 0x0000000086600000| Complete 
|  77|0x0000000086700000, 0x0000000086800000, 0x0000000086800000|100%| E|CS|TAMS 0x0000000086700000, 0x0000000086700000| Complete 
|  78|0x0000000086800000, 0x0000000086900000, 0x0000000086900000|100%| E|CS|TAMS 0x0000000086800000, 0x0000000086800000| Complete 
|  79|0x0000000086900000, 0x0000000086a00000, 0x0000000086a00000|100%| E|CS|TAMS 0x0000000086900000, 0x0000000086900000| Complete 
|  80|0x0000000086a00000, 0x0000000086b00000, 0x0000000086b00000|100%| E|CS|TAMS 0x0000000086a00000, 0x0000000086a00000| Complete 
|  81|0x0000000086b00000, 0x0000000086b71460, 0x0000000086c00000| 44%| S|CS|TAMS 0x0000000086b00000, 0x0000000086b00000| Complete 
|  82|0x0000000086c00000, 0x0000000086d00000, 0x0000000086d00000|100%| S|CS|TAMS 0x0000000086c00000, 0x0000000086c00000| Complete 
|  83|0x0000000086d00000, 0x0000000086e00000, 0x0000000086e00000|100%| S|CS|TAMS 0x0000000086d00000, 0x0000000086d00000| Complete 
|  84|0x0000000086e00000, 0x0000000086f00000, 0x0000000086f00000|100%| S|CS|TAMS 0x0000000086e00000, 0x0000000086e00000| Complete 
|  85|0x0000000086f00000, 0x0000000087000000, 0x0000000087000000|100%| S|CS|TAMS 0x0000000086f00000, 0x0000000086f00000| Complete 
|  86|0x0000000087000000, 0x0000000087100000, 0x0000000087100000|100%| S|CS|TAMS 0x0000000087000000, 0x0000000087000000| Complete 
|  87|0x0000000087100000, 0x0000000087200000, 0x0000000087200000|100%| S|CS|TAMS 0x0000000087100000, 0x0000000087100000| Complete 
|  88|0x0000000087200000, 0x0000000087300000, 0x0000000087300000|100%| E|CS|TAMS 0x0000000087200000, 0x0000000087200000| Complete 
|  89|0x0000000087300000, 0x0000000087400000, 0x0000000087400000|100%| E|CS|TAMS 0x0000000087300000, 0x0000000087300000| Complete 
|  90|0x0000000087400000, 0x0000000087500000, 0x0000000087500000|100%| E|CS|TAMS 0x0000000087400000, 0x0000000087400000| Complete 
|  91|0x0000000087500000, 0x0000000087600000, 0x0000000087600000|100%| E|CS|TAMS 0x0000000087500000, 0x0000000087500000| Complete 
|  92|0x0000000087600000, 0x0000000087700000, 0x0000000087700000|100%| E|CS|TAMS 0x0000000087600000, 0x0000000087600000| Complete 
|  93|0x0000000087700000, 0x0000000087800000, 0x0000000087800000|100%| E|CS|TAMS 0x0000000087700000, 0x0000000087700000| Complete 
|  94|0x0000000087800000, 0x0000000087900000, 0x0000000087900000|100%| E|CS|TAMS 0x0000000087800000, 0x0000000087800000| Complete 
|  95|0x0000000087900000, 0x0000000087a00000, 0x0000000087a00000|100%| E|CS|TAMS 0x0000000087900000, 0x0000000087900000| Complete 
|  96|0x0000000087a00000, 0x0000000087b00000, 0x0000000087b00000|100%| E|CS|TAMS 0x0000000087a00000, 0x0000000087a00000| Complete 
|  97|0x0000000087b00000, 0x0000000087c00000, 0x0000000087c00000|100%| E|CS|TAMS 0x0000000087b00000, 0x0000000087b00000| Complete 
|  98|0x0000000087c00000, 0x0000000087d00000, 0x0000000087d00000|100%| E|CS|TAMS 0x0000000087c00000, 0x0000000087c00000| Complete 
|  99|0x0000000087d00000, 0x0000000087e00000, 0x0000000087e00000|100%| E|CS|TAMS 0x0000000087d00000, 0x0000000087d00000| Complete 
| 100|0x0000000087e00000, 0x0000000087f00000, 0x0000000087f00000|100%| E|CS|TAMS 0x0000000087e00000, 0x0000000087e00000| Complete 
| 101|0x0000000087f00000, 0x0000000088000000, 0x0000000088000000|100%| E|CS|TAMS 0x0000000087f00000, 0x0000000087f00000| Complete 
| 102|0x0000000088000000, 0x0000000088100000, 0x0000000088100000|100%| E|CS|TAMS 0x0000000088000000, 0x0000000088000000| Complete 
| 103|0x0000000088100000, 0x0000000088200000, 0x0000000088200000|100%| E|CS|TAMS 0x0000000088100000, 0x0000000088100000| Complete 
| 104|0x0000000088200000, 0x0000000088300000, 0x0000000088300000|100%| E|CS|TAMS 0x0000000088200000, 0x0000000088200000| Complete 
| 105|0x0000000088300000, 0x0000000088400000, 0x0000000088400000|100%| E|CS|TAMS 0x0000000088300000, 0x0000000088300000| Complete 
| 106|0x0000000088400000, 0x0000000088500000, 0x0000000088500000|100%| E|CS|TAMS 0x0000000088400000, 0x0000000088400000| Complete 
| 107|0x0000000088500000, 0x0000000088600000, 0x0000000088600000|100%| E|CS|TAMS 0x0000000088500000, 0x0000000088500000| Complete 
| 108|0x0000000088600000, 0x0000000088700000, 0x0000000088700000|100%| E|CS|TAMS 0x0000000088600000, 0x0000000088600000| Complete 
| 109|0x0000000088700000, 0x0000000088800000, 0x0000000088800000|100%| E|CS|TAMS 0x0000000088700000, 0x0000000088700000| Complete 
| 110|0x0000000088800000, 0x0000000088900000, 0x0000000088900000|100%| E|CS|TAMS 0x0000000088800000, 0x0000000088800000| Complete 
| 111|0x0000000088900000, 0x0000000088a00000, 0x0000000088a00000|100%| E|CS|TAMS 0x0000000088900000, 0x0000000088900000| Complete 
| 112|0x0000000088a00000, 0x0000000088b00000, 0x0000000088b00000|100%| E|CS|TAMS 0x0000000088a00000, 0x0000000088a00000| Complete 
| 113|0x0000000088b00000, 0x0000000088c00000, 0x0000000088c00000|100%| E|CS|TAMS 0x0000000088b00000, 0x0000000088b00000| Complete 
| 114|0x0000000088c00000, 0x0000000088d00000, 0x0000000088d00000|100%| E|CS|TAMS 0x0000000088c00000, 0x0000000088c00000| Complete 
| 115|0x0000000088d00000, 0x0000000088e00000, 0x0000000088e00000|100%| E|CS|TAMS 0x0000000088d00000, 0x0000000088d00000| Complete 
| 116|0x0000000088e00000, 0x0000000088f00000, 0x0000000088f00000|100%| E|CS|TAMS 0x0000000088e00000, 0x0000000088e00000| Complete 
| 117|0x0000000088f00000, 0x0000000089000000, 0x0000000089000000|100%| E|CS|TAMS 0x0000000088f00000, 0x0000000088f00000| Complete 
| 118|0x0000000089000000, 0x0000000089100000, 0x0000000089100000|100%| E|CS|TAMS 0x0000000089000000, 0x0000000089000000| Complete 
| 119|0x0000000089100000, 0x0000000089200000, 0x0000000089200000|100%| E|CS|TAMS 0x0000000089100000, 0x0000000089100000| Complete 
| 120|0x0000000089200000, 0x0000000089300000, 0x0000000089300000|100%| E|CS|TAMS 0x0000000089200000, 0x0000000089200000| Complete 
| 121|0x0000000089300000, 0x0000000089400000, 0x0000000089400000|100%| E|CS|TAMS 0x0000000089300000, 0x0000000089300000| Complete 
| 122|0x0000000089400000, 0x0000000089500000, 0x0000000089500000|100%| E|CS|TAMS 0x0000000089400000, 0x0000000089400000| Complete 
| 123|0x0000000089500000, 0x0000000089600000, 0x0000000089600000|100%| E|CS|TAMS 0x0000000089500000, 0x0000000089500000| Complete 
| 124|0x0000000089600000, 0x0000000089700000, 0x0000000089700000|100%| E|CS|TAMS 0x0000000089600000, 0x0000000089600000| Complete 
| 125|0x0000000089700000, 0x0000000089800000, 0x0000000089800000|100%| E|CS|TAMS 0x0000000089700000, 0x0000000089700000| Complete 
| 126|0x0000000089800000, 0x0000000089900000, 0x0000000089900000|100%| E|CS|TAMS 0x0000000089800000, 0x0000000089800000| Complete 
| 127|0x0000000089900000, 0x0000000089a00000, 0x0000000089a00000|100%| E|CS|TAMS 0x0000000089900000, 0x0000000089900000| Complete 
| 128|0x0000000089a00000, 0x0000000089b00000, 0x0000000089b00000|100%| E|CS|TAMS 0x0000000089a00000, 0x0000000089a00000| Complete 
| 129|0x0000000089b00000, 0x0000000089c00000, 0x0000000089c00000|100%| E|CS|TAMS 0x0000000089b00000, 0x0000000089b00000| Complete 
| 130|0x0000000089c00000, 0x0000000089d00000, 0x0000000089d00000|100%| E|CS|TAMS 0x0000000089c00000, 0x0000000089c00000| Complete 
| 131|0x0000000089d00000, 0x0000000089e00000, 0x0000000089e00000|100%| E|CS|TAMS 0x0000000089d00000, 0x0000000089d00000| Complete 
| 132|0x0000000089e00000, 0x0000000089f00000, 0x0000000089f00000|100%| E|CS|TAMS 0x0000000089e00000, 0x0000000089e00000| Complete 
| 133|0x0000000089f00000, 0x000000008a000000, 0x000000008a000000|100%| E|CS|TAMS 0x0000000089f00000, 0x0000000089f00000| Complete 
| 134|0x000000008a000000, 0x000000008a100000, 0x000000008a100000|100%| E|CS|TAMS 0x000000008a000000, 0x000000008a000000| Complete 
| 135|0x000000008a100000, 0x000000008a200000, 0x000000008a200000|100%| E|CS|TAMS 0x000000008a100000, 0x000000008a100000| Complete 
| 136|0x000000008a200000, 0x000000008a300000, 0x000000008a300000|100%| E|CS|TAMS 0x000000008a200000, 0x000000008a200000| Complete 
| 137|0x000000008a300000, 0x000000008a400000, 0x000000008a400000|100%| E|CS|TAMS 0x000000008a300000, 0x000000008a300000| Complete 
| 138|0x000000008a400000, 0x000000008a500000, 0x000000008a500000|100%| E|CS|TAMS 0x000000008a400000, 0x000000008a400000| Complete 
| 139|0x000000008a500000, 0x000000008a600000, 0x000000008a600000|100%| E|CS|TAMS 0x000000008a500000, 0x000000008a500000| Complete 
| 140|0x000000008a600000, 0x000000008a700000, 0x000000008a700000|100%| E|CS|TAMS 0x000000008a600000, 0x000000008a600000| Complete 
| 141|0x000000008a700000, 0x000000008a800000, 0x000000008a800000|100%| E|CS|TAMS 0x000000008a700000, 0x000000008a700000| Complete 
| 142|0x000000008a800000, 0x000000008a900000, 0x000000008a900000|100%| E|CS|TAMS 0x000000008a800000, 0x000000008a800000| Complete 
| 143|0x000000008a900000, 0x000000008aa00000, 0x000000008aa00000|100%| E|CS|TAMS 0x000000008a900000, 0x000000008a900000| Complete 
| 144|0x000000008aa00000, 0x000000008ab00000, 0x000000008ab00000|100%| E|CS|TAMS 0x000000008aa00000, 0x000000008aa00000| Complete 
| 145|0x000000008ab00000, 0x000000008ac00000, 0x000000008ac00000|100%| E|CS|TAMS 0x000000008ab00000, 0x000000008ab00000| Complete 
| 146|0x000000008ac00000, 0x000000008ad00000, 0x000000008ad00000|100%| E|CS|TAMS 0x000000008ac00000, 0x000000008ac00000| Complete 
| 147|0x000000008ad00000, 0x000000008ae00000, 0x000000008ae00000|100%| E|CS|TAMS 0x000000008ad00000, 0x000000008ad00000| Complete 
| 148|0x000000008ae00000, 0x000000008af00000, 0x000000008af00000|100%| E|CS|TAMS 0x000000008ae00000, 0x000000008ae00000| Complete 
| 149|0x000000008af00000, 0x000000008b000000, 0x000000008b000000|100%| E|CS|TAMS 0x000000008af00000, 0x000000008af00000| Complete 
| 150|0x000000008b000000, 0x000000008b100000, 0x000000008b100000|100%| E|CS|TAMS 0x000000008b000000, 0x000000008b000000| Complete 
| 151|0x000000008b100000, 0x000000008b200000, 0x000000008b200000|100%| E|CS|TAMS 0x000000008b100000, 0x000000008b100000| Complete 
| 152|0x000000008b200000, 0x000000008b300000, 0x000000008b300000|100%| E|CS|TAMS 0x000000008b200000, 0x000000008b200000| Complete 
| 153|0x000000008b300000, 0x000000008b400000, 0x000000008b400000|100%| E|CS|TAMS 0x000000008b300000, 0x000000008b300000| Complete 

Card table byte_map: [0x000001d77cec0000,0x000001d77d2c0000] _byte_map_base: 0x000001d77cab3000

Marking Bits (Prev, Next): (CMBitMap*) 0x000001d7747c98b8, (CMBitMap*) 0x000001d7747c98f0
 Prev Bits: [0x000001d77d6c0000, 0x000001d77f658000)
 Next Bits: [0x000001d70f000000, 0x000001d710f98000)

Polling page: 0x000001d773f70000

Metaspace:

Usage:
  Non-class:     34.90 MB capacity,    34.01 MB ( 97%) used,   722.52 KB (  2%) free+waste,   187.63 KB ( <1%) overhead. 
      Class:      5.54 MB capacity,     4.89 MB ( 88%) used,   573.73 KB ( 10%) free+waste,    91.94 KB (  2%) overhead. 
       Both:     40.45 MB capacity,    38.91 MB ( 96%) used,     1.27 MB (  3%) free+waste,   279.56 KB ( <1%) overhead. 

Virtual space:
  Non-class space:       36.00 MB reserved,      34.92 MB ( 97%) committed 
      Class space:        1.00 GB reserved,       5.63 MB ( <1%) committed 
             Both:        1.04 GB reserved,      40.55 MB (  4%) committed 

Chunk freelists:
   Non-Class:  2.38 KB
       Class:  2.25 KB
        Both:  4.63 KB

CodeHeap 'non-profiled nmethods': size=120064Kb used=3930Kb max_used=3930Kb free=116133Kb
 bounds [0x000001d707ac0000, 0x000001d707ea0000, 0x000001d70f000000]
CodeHeap 'profiled nmethods': size=120000Kb used=14301Kb max_used=14301Kb free=105699Kb
 bounds [0x000001d700590000, 0x000001d7013a0000, 0x000001d707ac0000]
CodeHeap 'non-nmethods': size=5696Kb used=1423Kb max_used=1477Kb free=4272Kb
 bounds [0x000001d700000000, 0x000001d700270000, 0x000001d700590000]
 total_blobs=9999 nmethods=6415 adapters=797
 compilation: enabled
              stopped_count=0, restarted_count=0
 full_count=0

Compilation events (10 events):
Event: 240.762 Thread 0x000001d77fb7a000 7218       3       com.worksap.nlp.sudachi.UTF8InputTextBuilder::getCharCategoryContinuities (126 bytes)
Event: 240.764 Thread 0x000001d77fb7a000 nmethod 7218 0x000001d701394510 code [0x000001d701394820, 0x000001d701395ab0]
Event: 240.774 Thread 0x000001d77fb7a000 7219       1       com.worksap.nlp.sudachi.dictionary.WordInfo::getReadingForm (5 bytes)
Event: 240.774 Thread 0x000001d77fb7a000 nmethod 7219 0x000001d707e95810 code [0x000001d707e959c0, 0x000001d707e95ad8]
Event: 240.787 Thread 0x000001d77fb7a000 7220       1       com.mysql.cj.protocol.a.result.OkPacket::getUpdateCount (5 bytes)
Event: 240.787 Thread 0x000001d77fb7a000 nmethod 7220 0x000001d707e95b90 code [0x000001d707e95d40, 0x000001d707e95e58]
Event: 240.787 Thread 0x000001d77fb7a000 7221       1       com.mysql.cj.protocol.a.result.OkPacket::getUpdateID (5 bytes)
Event: 240.787 Thread 0x000001d77fb7a000 nmethod 7221 0x000001d707e95f10 code [0x000001d707e960c0, 0x000001d707e961d8]
Event: 240.787 Thread 0x000001d77fb7a000 7222       1       com.mysql.cj.protocol.a.result.OkPacket::getInfo (5 bytes)
Event: 240.787 Thread 0x000001d77fb7a000 nmethod 7222 0x000001d707e96290 code [0x000001d707e96440, 0x000001d707e96558]

GC Heap History (10 events):
Event: 3.204 GC heap before
{Heap before GC invocations=3 (full 0):
 garbage-first heap   total 131072K, used 56806K [0x0000000081a00000, 0x0000000100000000)
  region size 1024K, 54 young (55296K), 8 survivors (8192K)
 Metaspace       used 31820K, capacity 33303K, committed 33328K, reserved 1077248K
  class space    used 4329K, capacity 4968K, committed 4992K, reserved 1048576K
}
Event: 3.225 GC heap after
{Heap after GC invocations=4 (full 0):
 garbage-first heap   total 131072K, used 17128K [0x0000000081a00000, 0x0000000100000000)
  region size 1024K, 7 young (7168K), 7 survivors (7168K)
 Metaspace       used 31820K, capacity 33303K, committed 33328K, reserved 1077248K
  class space    used 4329K, capacity 4968K, committed 4992K, reserved 1048576K
}
Event: 3.610 GC heap before
{Heap before GC invocations=4 (full 0):
 garbage-first heap   total 131072K, used 21224K [0x0000000081a00000, 0x0000000100000000)
  region size 1024K, 12 young (12288K), 7 survivors (7168K)
 Metaspace       used 34209K, capacity 35739K, committed 35888K, reserved 1079296K
  class space    used 4625K, capacity 5248K, committed 5248K, reserved 1048576K
}
Event: 3.620 GC heap after
{Heap after GC invocations=5 (full 0):
 garbage-first heap   total 131072K, used 18547K [0x0000000081a00000, 0x0000000100000000)
  region size 1024K, 2 young (2048K), 2 survivors (2048K)
 Metaspace       used 34209K, capacity 35739K, committed 35888K, reserved 1079296K
  class space    used 4625K, capacity 5248K, committed 5248K, reserved 1048576K
}
Event: 213.538 GC heap before
{Heap before GC invocations=6 (full 0):
 garbage-first heap   total 131072K, used 64627K [0x0000000081a00000, 0x0000000100000000)
  region size 1024K, 47 young (48128K), 2 survivors (2048K)
 Metaspace       used 37989K, capacity 39531K, committed 39856K, reserved 1083392K
  class space    used 4904K, capacity 5561K, committed 5632K, reserved 1048576K
}
Event: 213.551 GC heap after
{Heap after GC invocations=7 (full 0):
 garbage-first heap   total 157696K, used 27205K [0x0000000081a00000, 0x0000000100000000)
  region size 1024K, 6 young (6144K), 6 survivors (6144K)
 Metaspace       used 37989K, capacity 39531K, committed 39856K, reserved 1083392K
  class space    used 4904K, capacity 5561K, committed 5632K, reserved 1048576K
}
Event: 216.935 GC heap before
{Heap before GC invocations=7 (full 0):
 garbage-first heap   total 157696K, used 58949K [0x0000000081a00000, 0x0000000100000000)
  region size 1024K, 37 young (37888K), 6 survivors (6144K)
 Metaspace       used 38080K, capacity 39596K, committed 39856K, reserved 1083392K
  class space    used 4904K, capacity 5561K, committed 5632K, reserved 1048576K
}
Event: 216.947 GC heap after
{Heap after GC invocations=8 (full 0):
 garbage-first heap   total 157696K, used 30703K [0x0000000081a00000, 0x0000000100000000)
  region size 1024K, 5 young (5120K), 5 survivors (5120K)
 Metaspace       used 38080K, capacity 39596K, committed 39856K, reserved 1083392K
  class space    used 4904K, capacity 5561K, committed 5632K, reserved 1048576K
}
Event: 223.226 GC heap before
{Heap before GC invocations=8 (full 0):
 garbage-first heap   total 157696K, used 93167K [0x0000000081a00000, 0x0000000100000000)
  region size 1024K, 66 young (67584K), 5 survivors (5120K)
 Metaspace       used 38954K, capacity 40510K, committed 40624K, reserved 1085440K
  class space    used 4967K, capacity 5631K, committed 5632K, reserved 1048576K
}
Event: 223.234 GC heap after
{Heap after GC invocations=9 (full 0):
 garbage-first heap   total 157696K, used 33020K [0x0000000081a00000, 0x0000000100000000)
  region size 1024K, 7 young (7168K), 7 survivors (7168K)
 Metaspace       used 38954K, capacity 40510K, committed 40624K, reserved 1085440K
  class space    used 4967K, capacity 5631K, committed 5632K, reserved 1048576K
}

Deoptimization events (10 events):
Event: 227.250 Thread 0x000001d713e9c800 Uncommon trap: reason=speculate_class_check action=maybe_recompile pc=0x000001d707dcfaf4 method=java.util.AbstractList.rangeCheckForAdd(I)V @ 6 c2
Event: 227.261 Thread 0x000001d7142d9000 Uncommon trap: reason=speculate_class_check action=maybe_recompile pc=0x000001d707db6d98 method=javafx.scene.Node.computeLocalBounds(Lcom/sun/javafx/geom/BaseBounds;Lcom/sun/javafx/geom/transform/BaseTransform;)Lcom/sun/javafx/geom/BaseBounds; @ 45 c2
Event: 231.197 Thread 0x000001d7142d9000 Uncommon trap: reason=speculate_class_check action=maybe_recompile pc=0x000001d707de18f0 method=javafx.scene.Node.computeLocalBounds(Lcom/sun/javafx/geom/BaseBounds;Lcom/sun/javafx/geom/transform/BaseTransform;)Lcom/sun/javafx/geom/BaseBounds; @ 45 c2
Event: 231.215 Thread 0x000001d7142d9000 Uncommon trap: reason=speculate_class_check action=maybe_recompile pc=0x000001d707de18f0 method=javafx.scene.Node.computeLocalBounds(Lcom/sun/javafx/geom/BaseBounds;Lcom/sun/javafx/geom/transform/BaseTransform;)Lcom/sun/javafx/geom/BaseBounds; @ 45 c2
Event: 231.241 Thread 0x000001d713e9c800 Uncommon trap: reason=unstable_if action=reinterpret pc=0x000001d707d4b624 method=com.sun.javafx.tk.quantum.QuantumToolkit.postPulse()V @ 98 c2
Event: 237.550 Thread 0x000001d7142d9000 Uncommon trap: reason=profile_predicate action=maybe_recompile pc=0x000001d707e38d00 method=javafx.scene.CssStyleHelper.transitionToState(Ljavafx/scene/Node;)V @ 286 c2
Event: 237.550 Thread 0x000001d7142d9000 Uncommon trap: reason=profile_predicate action=maybe_recompile pc=0x000001d707e38d00 method=javafx.scene.CssStyleHelper.transitionToState(Ljavafx/scene/Node;)V @ 286 c2
Event: 237.551 Thread 0x000001d7142d9000 Uncommon trap: reason=profile_predicate action=maybe_recompile pc=0x000001d707e38d00 method=javafx.scene.CssStyleHelper.transitionToState(Ljavafx/scene/Node;)V @ 286 c2
Event: 237.551 Thread 0x000001d7142d9000 Uncommon trap: reason=profile_predicate action=maybe_recompile pc=0x000001d707e38d00 method=javafx.scene.CssStyleHelper.transitionToState(Ljavafx/scene/Node;)V @ 286 c2
Event: 240.787 Thread 0x000001d714bc8800 Uncommon trap: reason=unstable_if action=reinterpret pc=0x000001d707de7da8 method=com.worksap.nlp.sudachi.LatticeImpl.connectNode(Lcom/worksap/nlp/sudachi/LatticeNodeImpl;)V @ 129 c2

Classes redefined (0 events):
No events

Internal exceptions (10 events):
Event: 223.060 Thread 0x000001d714bc7000 Exception <a 'java/lang/NullPointerException'{0x00000000876fb3e0}> (0x00000000876fb3e0) thrown at [t:/workspace/open/src/hotspot/share/interpreter/linkResolver.cpp, line 1436]
Event: 223.061 Thread 0x000001d714bc7000 Exception <a 'java/lang/NullPointerException'{0x00000000875013c0}> (0x00000000875013c0) thrown at [t:/workspace/open/src/hotspot/share/interpreter/linkResolver.cpp, line 1436]
Event: 223.180 Thread 0x000001d714bc7000 Exception <a 'sun/nio/fs/WindowsException'{0x000000008746b010}> (0x000000008746b010) thrown at [t:/workspace/open/src/hotspot/share/prims/jni.cpp, line 615]
Event: 223.194 Thread 0x000001d714bc7000 Exception <a 'sun/nio/fs/WindowsException'{0x00000000874e7f30}> (0x00000000874e7f30) thrown at [t:/workspace/open/src/hotspot/share/prims/jni.cpp, line 615]
Event: 223.235 Thread 0x000001d714bc7000 Exception <a 'sun/nio/fs/WindowsException'{0x000000008b325970}> (0x000000008b325970) thrown at [t:/workspace/open/src/hotspot/share/prims/jni.cpp, line 615]
Event: 224.390 Thread 0x000001d714bc7000 Implicit null exception at 0x000001d707cfa2e8 to 0x000001d707cfcc76
Event: 231.191 Thread 0x000001d7142d9000 Exception <a 'java/lang/NoSuchMethodError'{0x000000008ae28a38}: java.lang.invoke.DirectMethodHandle$Holder.invokeStatic(Ljava/lang/Object;Ljava/lang/Object;IIIIILjava/lang/Object;)Ljava/lang/Object;> (0x000000008ae28a38) thrown at [t:/workspace/open/src/h
Event: 231.192 Thread 0x000001d7142d9000 Exception <a 'java/lang/NoSuchMethodError'{0x000000008ae392b8}: java.lang.invoke.DirectMethodHandle$Holder.invokeStatic(Ljava/lang/Object;Ljava/lang/Object;Ljava/lang/Object;IIIII)Ljava/lang/Object;> (0x000000008ae392b8) thrown at [t:/workspace/open/src/h
Event: 231.193 Thread 0x000001d7142d9000 Exception <a 'java/lang/NoSuchMethodError'{0x000000008ae3fb18}: java.lang.invoke.Invokers$Holder.linkToTargetMethod(Ljava/lang/Object;Ljava/lang/Object;IIIIILjava/lang/Object;)Ljava/lang/Object;> (0x000000008ae3fb18) thrown at [t:/workspace/open/src/hotsp
Event: 240.788 Thread 0x000001d714bc8800 Exception <a 'java/lang/NoSuchMethodError'{0x00000000864ed620}: java.lang.invoke.Invokers$Holder.invokeExact_MT(Ljava/lang/Object;Ljava/lang/Object;Ljava/lang/Object;)V> (0x00000000864ed620) thrown at [t:/workspace/open/src/hotspot/share/interpreter/linkR

Events (10 events):
Event: 240.657 Executing VM operation: RevokeBias
Event: 240.657 Executing VM operation: RevokeBias done
Event: 240.661 Executing VM operation: BulkRevokeBias
Event: 240.662 Executing VM operation: BulkRevokeBias done
Event: 240.787 Thread 0x000001d714bc8800 Uncommon trap: trap_request=0xffffff4d fr.pc=0x000001d707de7da8 relative=0x0000000000000968
Event: 240.787 Thread 0x000001d714bc8800 DEOPT PACKING pc=0x000001d707de7da8 sp=0x00000088b88fed00
Event: 240.787 Thread 0x000001d714bc8800 DEOPT UNPACKING pc=0x000001d700028f2f sp=0x00000088b88fecb0 mode 2
Event: 240.793 loading class javafx/concurrent/Task$TaskCallable
Event: 240.793 loading class javafx/concurrent/Task$TaskCallable done
Event: 240.793 Executing VM operation: RevokeBias


Dynamic libraries:
0x00007ff73b5d0000 - 0x00007ff73b617000 	C:\Program Files\Java\jdk-11.0.2\bin\javaw.exe
0x00007ff80b230000 - 0x00007ff80b426000 	C:\WINDOWS\SYSTEM32\ntdll.dll
0x00007ff80a340000 - 0x00007ff80a3fd000 	C:\WINDOWS\System32\KERNEL32.DLL
0x00007ff808ce0000 - 0x00007ff808fa9000 	C:\WINDOWS\System32\KERNELBASE.dll
0x00007ff8098f0000 - 0x00007ff80999c000 	C:\WINDOWS\System32\ADVAPI32.dll
0x00007ff8095f0000 - 0x00007ff80968e000 	C:\WINDOWS\System32\msvcrt.dll
0x00007ff80ae10000 - 0x00007ff80aeac000 	C:\WINDOWS\System32\sechost.dll
0x00007ff80afb0000 - 0x00007ff80b0db000 	C:\WINDOWS\System32\RPCRT4.dll
0x00007ff80a400000 - 0x00007ff80a5a0000 	C:\WINDOWS\System32\USER32.dll
0x00007ff808fb0000 - 0x00007ff808fd2000 	C:\WINDOWS\System32\win32u.dll
0x00007ff80b0e0000 - 0x00007ff80b10a000 	C:\WINDOWS\System32\GDI32.dll
0x00007ff809180000 - 0x00007ff80928b000 	C:\WINDOWS\System32\gdi32full.dll
0x00007ff808fe0000 - 0x00007ff80907d000 	C:\WINDOWS\System32\msvcp_win.dll
0x00007ff809080000 - 0x00007ff809180000 	C:\WINDOWS\System32\ucrtbase.dll
0x00007ffffaee0000 - 0x00007ffffb17b000 	C:\WINDOWS\WinSxS\amd64_microsoft.windows.common-controls_6595b64144ccf1df_6.0.19041.746_none_ca02b4b61b8320a4\COMCTL32.dll
0x00007ff801130000 - 0x00007ff80113a000 	C:\WINDOWS\SYSTEM32\VERSION.dll
0x00007ff809a40000 - 0x00007ff809a70000 	C:\WINDOWS\System32\IMM32.DLL
0x00007ffff88d0000 - 0x00007ffff88e6000 	C:\Program Files\Java\jdk-11.0.2\bin\vcruntime140.dll
0x00007ffff11e0000 - 0x00007ffff128a000 	C:\Program Files\Java\jdk-11.0.2\bin\msvcp140.dll
0x00007fffd2260000 - 0x00007fffd2d87000 	C:\Program Files\Java\jdk-11.0.2\bin\server\jvm.dll
0x00007ff809a30000 - 0x00007ff809a38000 	C:\WINDOWS\System32\PSAPI.DLL
0x00007ffffb330000 - 0x00007ffffb357000 	C:\WINDOWS\SYSTEM32\WINMM.dll
0x00007ffff7380000 - 0x00007ffff7389000 	C:\WINDOWS\SYSTEM32\WSOCK32.dll
0x00007ff80a6e0000 - 0x00007ff80a74b000 	C:\WINDOWS\System32\WS2_32.dll
0x00007ff8068b0000 - 0x00007ff8068c2000 	C:\WINDOWS\SYSTEM32\kernel.appcore.dll
0x00007ffff87f0000 - 0x00007ffff8801000 	C:\Program Files\Java\jdk-11.0.2\bin\verify.dll
0x00007ffff7fc0000 - 0x00007ffff81a4000 	C:\WINDOWS\SYSTEM32\DBGHELP.DLL
0x00007ffff7f90000 - 0x00007ffff7fbc000 	C:\WINDOWS\SYSTEM32\dbgcore.DLL
0x00007ff808970000 - 0x00007ff8089f0000 	C:\WINDOWS\System32\bcryptPrimitives.dll
0x00007ffff5cb0000 - 0x00007ffff5cd9000 	C:\Program Files\Java\jdk-11.0.2\bin\java.dll
0x00007ffff7a90000 - 0x00007ffff7aa6000 	C:\Program Files\Java\jdk-11.0.2\bin\zip.dll
0x00007ff8023b0000 - 0x00007ff8023ba000 	C:\Program Files\Java\jdk-11.0.2\bin\jimage.dll
0x00007ff809bf0000 - 0x00007ff80a333000 	C:\WINDOWS\System32\SHELL32.dll
0x00007ff806ab0000 - 0x00007ff80723f000 	C:\WINDOWS\SYSTEM32\windows.storage.dll
0x00007ff809290000 - 0x00007ff8095e6000 	C:\WINDOWS\System32\combase.dll
0x00007ff8083d0000 - 0x00007ff8083fc000 	C:\WINDOWS\SYSTEM32\Wldp.dll
0x00007ff809840000 - 0x00007ff8098ee000 	C:\WINDOWS\System32\SHCORE.dll
0x00007ff80adb0000 - 0x00007ff80ae05000 	C:\WINDOWS\System32\shlwapi.dll
0x00007ff8088a0000 - 0x00007ff8088c6000 	C:\WINDOWS\SYSTEM32\profapi.dll
0x00007ffff5c90000 - 0x00007ffff5ca9000 	C:\Program Files\Java\jdk-11.0.2\bin\net.dll
0x00007ffffc390000 - 0x00007ffffc490000 	C:\WINDOWS\SYSTEM32\WINHTTP.dll
0x00007ffff8fb0000 - 0x00007ffff919d000 	C:\WINDOWS\SYSTEM32\urlmon.dll
0x00007ffff8d00000 - 0x00007ffff8fb0000 	C:\WINDOWS\SYSTEM32\iertutil.dll
0x00007ff808150000 - 0x00007ff8081ba000 	C:\WINDOWS\system32\mswsock.dll
0x00007ffff5c30000 - 0x00007ffff5c43000 	C:\Program Files\Java\jdk-11.0.2\bin\nio.dll
0x000001d774750000 - 0x000001d774753000 	C:\Users\Jhonny\.openjfx\cache\15\api-ms-win-core-console-l1-1-0.dll
0x000001d774760000 - 0x000001d774763000 	C:\Users\Jhonny\.openjfx\cache\15\api-ms-win-core-console-l1-2-0.dll
0x000001d77fc90000 - 0x000001d77fc93000 	C:\Users\Jhonny\.openjfx\cache\15\api-ms-win-core-datetime-l1-1-0.dll
0x000001d77fca0000 - 0x000001d77fca3000 	C:\Users\Jhonny\.openjfx\cache\15\api-ms-win-core-debug-l1-1-0.dll
0x000001d77fcb0000 - 0x000001d77fcb3000 	C:\Users\Jhonny\.openjfx\cache\15\api-ms-win-core-errorhandling-l1-1-0.dll
0x000001d77fcc0000 - 0x000001d77fcc4000 	C:\Users\Jhonny\.openjfx\cache\15\api-ms-win-core-file-l1-1-0.dll
0x000001d77fcd0000 - 0x000001d77fcd3000 	C:\Users\Jhonny\.openjfx\cache\15\api-ms-win-core-file-l1-2-0.dll
0x000001d77fce0000 - 0x000001d77fce3000 	C:\Users\Jhonny\.openjfx\cache\15\api-ms-win-core-file-l2-1-0.dll
0x000001d77fcf0000 - 0x000001d77fcf3000 	C:\Users\Jhonny\.openjfx\cache\15\api-ms-win-core-handle-l1-1-0.dll
0x000001d77fd00000 - 0x000001d77fd03000 	C:\Users\Jhonny\.openjfx\cache\15\api-ms-win-core-heap-l1-1-0.dll
0x000001d77fd10000 - 0x000001d77fd13000 	C:\Users\Jhonny\.openjfx\cache\15\api-ms-win-core-interlocked-l1-1-0.dll
0x000001d77fd20000 - 0x000001d77fd23000 	C:\Users\Jhonny\.openjfx\cache\15\api-ms-win-core-libraryloader-l1-1-0.dll
0x000001d77fd30000 - 0x000001d77fd33000 	C:\Users\Jhonny\.openjfx\cache\15\api-ms-win-core-localization-l1-2-0.dll
0x000001d77fd40000 - 0x000001d77fd43000 	C:\Users\Jhonny\.openjfx\cache\15\api-ms-win-core-memory-l1-1-0.dll
0x000001d77fd50000 - 0x000001d77fd53000 	C:\Users\Jhonny\.openjfx\cache\15\api-ms-win-core-namedpipe-l1-1-0.dll
0x000001d77fd60000 - 0x000001d77fd63000 	C:\Users\Jhonny\.openjfx\cache\15\api-ms-win-core-processenvironment-l1-1-0.dll
0x000001d77fd70000 - 0x000001d77fd73000 	C:\Users\Jhonny\.openjfx\cache\15\api-ms-win-core-processthreads-l1-1-0.dll
0x000001d77fd80000 - 0x000001d77fd83000 	C:\Users\Jhonny\.openjfx\cache\15\api-ms-win-core-processthreads-l1-1-1.dll
0x000001d77fd90000 - 0x000001d77fd93000 	C:\Users\Jhonny\.openjfx\cache\15\api-ms-win-core-profile-l1-1-0.dll
0x000001d77fda0000 - 0x000001d77fda3000 	C:\Users\Jhonny\.openjfx\cache\15\api-ms-win-core-rtlsupport-l1-1-0.dll
0x000001d77fdb0000 - 0x000001d77fdb3000 	C:\Users\Jhonny\.openjfx\cache\15\api-ms-win-core-string-l1-1-0.dll
0x000001d77fdc0000 - 0x000001d77fdc3000 	C:\Users\Jhonny\.openjfx\cache\15\api-ms-win-core-synch-l1-1-0.dll
0x000001d77fdd0000 - 0x000001d77fdd3000 	C:\Users\Jhonny\.openjfx\cache\15\api-ms-win-core-synch-l1-2-0.dll
0x000001d77fde0000 - 0x000001d77fde3000 	C:\Users\Jhonny\.openjfx\cache\15\api-ms-win-core-sysinfo-l1-1-0.dll
0x000001d77fdf0000 - 0x000001d77fdf3000 	C:\Users\Jhonny\.openjfx\cache\15\api-ms-win-core-timezone-l1-1-0.dll
0x000001d77fe00000 - 0x000001d77fe03000 	C:\Users\Jhonny\.openjfx\cache\15\api-ms-win-core-util-l1-1-0.dll
0x000001d77fe10000 - 0x000001d77fe13000 	C:\Users\Jhonny\.openjfx\cache\15\api-ms-win-crt-conio-l1-1-0.dll
0x000001d77fe20000 - 0x000001d77fe24000 	C:\Users\Jhonny\.openjfx\cache\15\api-ms-win-crt-convert-l1-1-0.dll
0x000001d77fe30000 - 0x000001d77fe33000 	C:\Users\Jhonny\.openjfx\cache\15\api-ms-win-crt-environment-l1-1-0.dll
0x000001d77fe40000 - 0x000001d77fe43000 	C:\Users\Jhonny\.openjfx\cache\15\api-ms-win-crt-filesystem-l1-1-0.dll
0x000001d77fe50000 - 0x000001d77fe53000 	C:\Users\Jhonny\.openjfx\cache\15\api-ms-win-crt-heap-l1-1-0.dll
0x000001d77fe60000 - 0x000001d77fe63000 	C:\Users\Jhonny\.openjfx\cache\15\api-ms-win-crt-locale-l1-1-0.dll
0x000001d77fe70000 - 0x000001d77fe75000 	C:\Users\Jhonny\.openjfx\cache\15\api-ms-win-crt-math-l1-1-0.dll
0x000001d77fe80000 - 0x000001d77fe85000 	C:\Users\Jhonny\.openjfx\cache\15\api-ms-win-crt-multibyte-l1-1-0.dll
0x000001d77fe90000 - 0x000001d77fea0000 	C:\Users\Jhonny\.openjfx\cache\15\api-ms-win-crt-private-l1-1-0.dll
0x000001d77fea0000 - 0x000001d77fea3000 	C:\Users\Jhonny\.openjfx\cache\15\api-ms-win-crt-process-l1-1-0.dll
0x000001d77feb0000 - 0x000001d77feb4000 	C:\Users\Jhonny\.openjfx\cache\15\api-ms-win-crt-runtime-l1-1-0.dll
0x000001d77fec0000 - 0x000001d77fec4000 	C:\Users\Jhonny\.openjfx\cache\15\api-ms-win-crt-stdio-l1-1-0.dll
0x000001d77fed0000 - 0x000001d77fed4000 	C:\Users\Jhonny\.openjfx\cache\15\api-ms-win-crt-string-l1-1-0.dll
0x000001d77fee0000 - 0x000001d77fee3000 	C:\Users\Jhonny\.openjfx\cache\15\api-ms-win-crt-time-l1-1-0.dll
0x000001d77fef0000 - 0x000001d77fef3000 	C:\Users\Jhonny\.openjfx\cache\15\api-ms-win-crt-utility-l1-1-0.dll
0x00007ffff10e0000 - 0x00007ffff11dc000 	C:\Users\Jhonny\.openjfx\cache\15\ucrtbase.dll
0x00007ffff10c0000 - 0x00007ffff10d5000 	C:\Users\Jhonny\.openjfx\cache\15\vcruntime140.dll
0x00007ffff5f20000 - 0x00007ffff5f2c000 	C:\Windows\System32\vcruntime140_1.dll
0x00007ffff1020000 - 0x00007ffff10bb000 	C:\Users\Jhonny\.openjfx\cache\15\msvcp140.dll
0x00007ffff0ff0000 - 0x00007ffff1013000 	C:\Users\Jhonny\.openjfx\cache\15\prism_d3d.dll
0x00007ffffe660000 - 0x00007ffffe82f000 	C:\WINDOWS\system32\d3d9.dll
0x00007ff8065c0000 - 0x00007ff8065ef000 	C:\WINDOWS\SYSTEM32\dwmapi.dll
0x00007ff806350000 - 0x00007ff8063ee000 	C:\WINDOWS\system32\uxtheme.dll
0x00007fffc02b0000 - 0x00007fffc27ed000 	C:\WINDOWS\SYSTEM32\igdumdim64.dll
0x00007ff809a70000 - 0x00007ff809b3d000 	C:\WINDOWS\System32\OLEAUT32.dll
0x00007ff80a5b0000 - 0x00007ff80a6da000 	C:\WINDOWS\System32\ole32.dll
0x00007ff80a750000 - 0x00007ff80abb7000 	C:\WINDOWS\System32\SETUPAPI.dll
0x00007ff8089f0000 - 0x00007ff808a3e000 	C:\WINDOWS\System32\cfgmgr32.dll
0x00007ff808af0000 - 0x00007ff808b17000 	C:\WINDOWS\System32\bcrypt.dll
0x00007ffff0fa0000 - 0x00007ffff0fe5000 	C:\Users\Jhonny\.openjfx\cache\15\glass.dll
0x00007ff80b110000 - 0x00007ff80b1eb000 	C:\WINDOWS\System32\COMDLG32.dll
0x00007ff80ac30000 - 0x00007ff80ad46000 	C:\WINDOWS\System32\MSCTF.dll
0x0000000180000000 - 0x0000000180272000 	C:\Program Files (x86)\RivaTuner Statistics Server\RTSSHooks64.dll
0x00007ffffb720000 - 0x00007ffffc160000 	C:\WINDOWS\SYSTEM32\igdusc64.dll
0x00007ffffd7f0000 - 0x00007ffffd82b000 	C:\WINDOWS\SYSTEM32\dxcore.dll
0x00007ffff0f80000 - 0x00007ffff0f94000 	C:\Users\Jhonny\.openjfx\cache\15\javafx_font.dll
0x00007fffe5b90000 - 0x00007fffe5e0f000 	C:\WINDOWS\SYSTEM32\dwrite.dll
0x00007ff809b40000 - 0x00007ff809be9000 	C:\WINDOWS\System32\clbcatq.dll
0x00007fffff8d0000 - 0x00007fffffa84000 	C:\WINDOWS\SYSTEM32\WindowsCodecs.dll
0x00007fffe5920000 - 0x00007fffe595e000 	C:\WINDOWS\system32\dataexchange.dll
0x00007ff805720000 - 0x00007ff805907000 	C:\WINDOWS\system32\dcomp.dll
0x00007ff804ef0000 - 0x00007ff805154000 	C:\WINDOWS\system32\d3d11.dll
0x00007ff8072a0000 - 0x00007ff807393000 	C:\WINDOWS\system32\dxgi.dll
0x00007ff8012a0000 - 0x00007ff8014a1000 	C:\WINDOWS\system32\twinapi.appcore.dll
0x00007ffff0f40000 - 0x00007ffff0f74000 	C:\Program Files\Common Files\Microsoft Shared\Ink\rtscom.dll
0x00007fffedde0000 - 0x00007fffededb000 	C:\WINDOWS\SYSTEM32\textinputframework.dll
0x00007ff805ff0000 - 0x00007ff8060e2000 	C:\WINDOWS\System32\CoreMessaging.dll
0x00007ff805910000 - 0x00007ff805c6e000 	C:\WINDOWS\System32\CoreUIComponents.dll
0x00007ff807690000 - 0x00007ff8076c3000 	C:\WINDOWS\SYSTEM32\ntmarta.dll
0x00007ff804930000 - 0x00007ff804a84000 	C:\WINDOWS\SYSTEM32\wintypes.dll
0x00007ff807e40000 - 0x00007ff807f0b000 	C:\WINDOWS\SYSTEM32\DNSAPI.dll
0x00007ff807df0000 - 0x00007ff807e2b000 	C:\WINDOWS\SYSTEM32\IPHLPAPI.DLL
0x00007ff80ac20000 - 0x00007ff80ac28000 	C:\WINDOWS\System32\NSI.dll
0x00007ff801570000 - 0x00007ff80157a000 	C:\Windows\System32\rasadhlp.dll
0x00007ffffa100000 - 0x00007ffffa17f000 	C:\WINDOWS\System32\fwpuclnt.dll
0x00007ffff7ae0000 - 0x00007ffff7aed000 	C:\Program Files\Java\jdk-11.0.2\bin\sunmscapi.dll
0x00007ff808b20000 - 0x00007ff808c76000 	C:\WINDOWS\System32\CRYPT32.dll

dbghelp: loaded successfully - version: 4.0.5 - missing functions: none
symbol engine: initialized successfully - sym options: 0x614 - pdb path: .;C:\Program Files\Java\jdk-11.0.2\bin;C:\WINDOWS\SYSTEM32;C:\WINDOWS\WinSxS\amd64_microsoft.windows.common-controls_6595b64144ccf1df_6.0.19041.746_none_ca02b4b61b8320a4;C:\Program Files\Java\jdk-11.0.2\bin\server;C:\Users\Jhonny\.openjfx\cache\15;C:\Program Files (x86)\RivaTuner Statistics Server;C:\Program Files\Common Files\Microsoft Shared\Ink

VM Arguments:
jvm_args: --add-exports=javafx.controls/com.sun.javafx.scene.control.behavior=com.jfoenix --add-exports=javafx.controls/com.sun.javafx.scene.control=com.jfoenix --add-exports=javafx.base/com.sun.javafx.binding=com.jfoenix --add-exports=javafx.graphics/com.sun.javafx.stage=com.jfoenix --add-exports=javafx.base/com.sun.javafx.event=com.jfoenix --add-opens=java.base/java.lang.reflect=com.jfoenix -Dfile.encoding=UTF-8 --module-path=D:\ProjetoApp\ProcessaTextoJapones\TextosJapones\target\classes;D:\ProjetoApp\ProcessaTextoJapones\TextosJapones\src\lib\kuromoji-core-0.9.0.jar;D:\ProjetoApp\ProcessaTextoJapones\TextosJapones\src\lib\kuromoji-ipadic-0.9.0.jar;C:\Users\Jhonny\.m2\repository\io\github\typhon0\AnimateFX\1.2.1\AnimateFX-1.2.1.jar;C:\Users\Jhonny\.m2\repository\com\jfoenix\jfoenix\9.0.10\jfoenix-9.0.10.jar;C:\Users\Jhonny\.m2\repository\org\openjfx\javafx-graphics\15\javafx-graphics-15-win.jar;C:\Users\Jhonny\.m2\repository\org\openjfx\javafx-base\15\javafx-base-15-win.jar;C:\Users\Jhonny\.m2\repository\org\openjfx\javafx-controls\15\javafx-controls-15-win.jar;C:\Users\Jhonny\.m2\repository\org\openjfx\javafx-fxml\15\javafx-fxml-15-win.jar;C:\Users\Jhonny\.m2\repository\org\controlsfx\controlsfx\11.0.1\controlsfx-11.0.1.jar;C:\Users\Jhonny\.m2\repository\org\openjfx\javafx-web\11.0.2\javafx-web-11.0.2-win.jar;C:\Users\Jhonny\.m2\repository\org\openjfx\javafx-swing\11.0.2\javafx-swing-11.0.2-win.jar;C:\Users\Jhonny\.m2\repository\org\openjfx\javafx-media\11.0.2\javafx-media-11.0.2-win.jar;C:\Users\Jhonny\.m2\repository\com\worksap\nlp\sudachi\0.4.2\sudachi-0.4.2.jar;C:\Users\Jhonny\.m2\repository\org\jsoup\jsoup\1.13.1\jsoup-1.13.1.jar;C:\Users\Jhonny\.m2\repository\com\google\guava\guava\29.0-jre\guava-29.0-jre.jar -Djdk.module.main=TextosJapones 
java_command: TextosJapones/org.jisho.textosJapones.App
java_class_path (initial): C:\Users\Jhonny\.m2\repository\org\openjfx\javafx-graphics\15\javafx-graphics-15.jar;C:\Users\Jhonny\.m2\repository\org\openjfx\javafx-base\15\javafx-base-15.jar;C:\Users\Jhonny\.m2\repository\org\openjfx\javafx-controls\15\javafx-controls-15.jar;C:\Users\Jhonny\.m2\repository\org\openjfx\javafx-fxml\15\javafx-fxml-15.jar;C:\Users\Jhonny\.m2\repository\org\openjfx\javafx-web\11.0.2\javafx-web-11.0.2.jar;C:\Users\Jhonny\.m2\repository\org\openjfx\javafx-swing\11.0.2\javafx-swing-11.0.2.jar;C:\Users\Jhonny\.m2\repository\org\openjfx\javafx-media\11.0.2\javafx-media-11.0.2.jar;C:\Users\Jhonny\.m2\repository\mysql\mysql-connector-java\8.0.20\mysql-connector-java-8.0.20.jar;C:\Users\Jhonny\.m2\repository\com\google\protobuf\protobuf-java\3.6.1\protobuf-java-3.6.1.jar;C:\Users\Jhonny\.m2\repository\org\glassfish\javax.json\1.1\javax.json-1.1.jar;C:\Users\Jhonny\.m2\repository\com\worksap\nlp\jdartsclone\1.2.0\jdartsclone-1.2.0.jar;C:\Users\Jhonny\.m2\repository\com\google\guava\failureaccess\1.0.1\failureaccess-1.0.1.jar;C:\Users\Jhonny\.m2\repository\com\google\guava\listenablefuture\9999.0-empty-to-avoid-conflict-with-guava\listenablefuture-9999.0-empty-to-avoid-conflict-with-guava.jar;C:\Users\Jhonny\.m2\repository\com\google\code\findbugs\jsr305\3.0.2\jsr305-3.0.2.jar;C:\Users\Jhonny\.m2\repository\org\checkerframework\checker-qual\2.11.1\checker-qual-2.11.1.jar;C:\Users\Jhonny\.m2\repository\com\google\errorprone\error_prone_annotations\2.3.4\error_prone_annotations-2.3.4.jar;C:\Users\Jhonny\.m2\repository\com\google\j2objc\j2objc-annotations\1.3\j2objc-annotations-1.3.jar
Launcher Type: SUN_STANDARD

[Global flags]
     intx CICompilerCount                          = 3                                         {product} {ergonomic}
     uint ConcGCThreads                            = 1                                         {product} {ergonomic}
     uint G1ConcRefinementThreads                  = 4                                         {product} {ergonomic}
   size_t G1HeapRegionSize                         = 1048576                                   {product} {ergonomic}
    uintx GCDrainStackTargetSize                   = 64                                        {product} {ergonomic}
   size_t InitialHeapSize                          = 134217728                                 {product} {ergonomic}
   size_t MarkStackSize                            = 4194304                                   {product} {ergonomic}
   size_t MaxHeapSize                              = 2120220672                                {product} {ergonomic}
   size_t MaxNewSize                               = 1271922688                                {product} {ergonomic}
   size_t MinHeapDeltaBytes                        = 1048576                                   {product} {ergonomic}
    uintx NonNMethodCodeHeapSize                   = 5830092                                {pd product} {ergonomic}
    uintx NonProfiledCodeHeapSize                  = 122914074                              {pd product} {ergonomic}
    uintx ProfiledCodeHeapSize                     = 122914074                              {pd product} {ergonomic}
    uintx ReservedCodeCacheSize                    = 251658240                              {pd product} {ergonomic}
     bool SegmentedCodeCache                       = true                                      {product} {ergonomic}
     bool UseCompressedClassPointers               = true                                 {lp64_product} {ergonomic}
     bool UseCompressedOops                        = true                                 {lp64_product} {ergonomic}
     bool UseG1GC                                  = true                                      {product} {ergonomic}
     bool UseLargePagesIndividualAllocation        = false                                  {pd product} {ergonomic}

Logging:
Log output configuration:
 #0: stdout all=warning uptime,level,tags
 #1: stderr all=off uptime,level,tags

Environment Variables:
JAVA_HOME=C:\Program Files\Java\jdk-15.0.1
PATH=C:\Program Files\Common Files\Oracle\Java\javapath;C:\Program Files\Java\jdk-15.0.1\bin;D:\Maven\Maven-3.6\bin;C:\Program Files (x86)\Common Files\Oracle\Java\javapath;C:\ProgramData\Oracle\Java\javapath;C:\Program Files (x86)\Embarcadero\Studio\20.0\bin;C:\Users\Public\Documents\Embarcadero\Studio\20.0\Bpl;C:\Program Files (x86)\Embarcadero\Studio\20.0\bin64;C:\Users\Public\Documents\Embarcadero\Studio\20.0\Bpl\Win64;C:\Program Files\Common Files\Autodesk Shared\;C:\Program Files\NVIDIA Corporation\NVIDIA NvDLISR;C:\Program Files (x86)\NVIDIA Corporation\PhysX\Common;C:\Program Files\SourceGear\Common\DiffMerge\;C:\Program Files (x86)\Brackets\command;C:\WINDOWS\system32;C:\WINDOWS;C:\WINDOWS\System32\Wbem;C:\WINDOWS\System32\WindowsPowerShell\v1.0\;C:\WINDOWS\System32\OpenSSH\;C:\Program Files\nodejs\;C:\Program Files\dotnet\;C:\Program Files\Microsoft SQL Server\130\Tools\Binn\;C:\Program Files\Microsoft SQL Server\Client SDK\ODBC\170\Tools\Binn\;C:\Users\Jhonny\AppData\Local\Programs\Python\Python36\Scripts\;C:\Users\Jhonny\AppData\Local\Programs\Python\Python36\;C:\Users\Jhonny\AppData\Local\Microsoft\WindowsApps;C:\Users\Jhonny\AppData\Local\Programs\Microsoft VS Code\bin;C:\Users\Jhonny\AppData\Local\Android\Sdk\Emulator;C:\Users\Jhonny\AppData\Local\Android\Sdk\tools;C:\Users\Jhonny\AppData\Local\Android\Sdk\tools\bin;C:\Users\Jhonny\AppData\Local\Android\Sdk\platform-tools;C:\Users\Jhonny\AppData\Local\Android\Sdk\cmdline-tools\latest;C:\Users\Jhonny\AppData\Local\Android\Sdk\cmdline-tools\latest\bin;C:\Users\Jhonny\AppData\Roaming\npm;C:\Users\Jhonny\.dotnet\tools;
USERNAME=Jhonny
OS=Windows_NT
PROCESSOR_IDENTIFIER=Intel64 Family 6 Model 61 Stepping 4, GenuineIntel



---------------  S Y S T E M  ---------------

OS: Windows 10 , 64 bit Build 19041 (10.0.19041.662)

CPU:total 4 (initial active 4) (2 cores per cpu, 2 threads per core) family 6 model 61 stepping 4, cmov, cx8, fxsr, mmx, sse, sse2, sse3, ssse3, sse4.1, sse4.2, popcnt, avx, avx2, aes, clmul, erms, 3dnowpref, lzcnt, ht, tsc, tscinvbit, bmi1, bmi2, adx, fma

Memory: 4k page, system-wide physical 8086M (2973M free)
TotalPageFile size 13206M (AvailPageFile size 4676M)
current process WorkingSet (physical memory assigned to process): 330M, peak: 336M
current process commit charge ("private bytes"): 400M, peak: 404M

vm_info: Java HotSpot(TM) 64-Bit Server VM (11.0.2+9-LTS) for windows-amd64 JRE (11.0.2+9-LTS), built on Jan 18 2019 05:24:10 by "mach5one" with MS VC++ 15.5 (VS2017)

END.
